[INFO ] 2023-04-30 21:38:24.030 [main] Printer - AIRPORT: ---------------------------
[INFO ] 2023-04-30 21:38:24.037 [main] Printer - AIRPORT: Project AIRPORT
[INFO ] 2023-04-30 21:38:24.037 [main] Printer - AIRPORT: ---------------------------
[INFO ] 2023-04-30 21:38:24.037 [main] Printer - AIRPORT: Airport Details
[DEBUG] 2023-04-30 21:38:24.037 [main] Printer - printing Airport details
[INFO ] 2023-04-30 21:38:24.044 [main] Printer - AIRPORT: 
airportName : SFO
 cityName :San Francisco
 area :UnitedStates
 The open status of Airport :true
[INFO ] 2023-04-30 21:38:24.044 [main] Printer - AIRPORT: The map elements are :
[INFO ] 2023-04-30 21:38:24.044 [main] Printer - AIRPORT: EM-AL:EmiratesAirlines
[INFO ] 2023-04-30 21:38:24.044 [main] Printer - AIRPORT: SP-AL:SingaporeAirlines
[INFO ] 2023-04-30 21:38:24.044 [main] Printer - AIRPORT: SW-AL:SouthwestAirlines
[INFO ] 2023-04-30 21:38:24.044 [main] Printer - AIRPORT: UN-AL:UnitedAirlines
[INFO ] 2023-04-30 21:38:24.044 [main] Printer - AIRPORT: ---------------------------
[INFO ] 2023-04-30 21:38:24.044 [main] Printer - AIRPORT: Employee Details
[INFO ] 2023-04-30 21:38:24.050 [main] Printer - AIRPORT: Name : Henry
[INFO ] 2023-04-30 21:38:24.050 [main] Printer - AIRPORT: Age : 32
[INFO ] 2023-04-30 21:38:24.050 [main] Printer - AIRPORT: employee id is :123
[INFO ] 2023-04-30 21:38:24.050 [main] Printer - AIRPORT: Employee salary is :23000.0
[INFO ] 2023-04-30 21:38:24.050 [main] Printer - AIRPORT: Designation of the employee is:CUSTOMERCARE
[INFO ] 2023-04-30 21:38:24.050 [main] Printer - AIRPORT: Address :com.person.Address@6392827e
[INFO ] 2023-04-30 21:38:24.050 [main] Printer - AIRPORT: Gender : MALE
[INFO ] 2023-04-30 21:38:24.050 [main] Printer - AIRPORT: Designation : CUSTOMERCARE
[INFO ] 2023-04-30 21:38:24.050 [main] Printer - AIRPORT: ---------------------------
[INFO ] 2023-04-30 21:38:24.050 [main] Printer - AIRPORT: ---------------------------
[INFO ] 2023-04-30 21:38:24.050 [main] Printer - AIRPORT: Validating AirportEmployee
[DEBUG] 2023-04-30 21:38:24.050 [main] Printer - Airport employee initialized
[INFO ] 2023-04-30 21:38:24.050 [main] Printer - AIRPORT: Name : Eliza
[INFO ] 2023-04-30 21:38:24.050 [main] Printer - AIRPORT: Age : 45
[INFO ] 2023-04-30 21:38:24.050 [main] Printer - AIRPORT: employee id is :345
[INFO ] 2023-04-30 21:38:24.050 [main] Printer - AIRPORT: Employee salary is :56000.0
[INFO ] 2023-04-30 21:38:24.050 [main] Printer - AIRPORT: Designation of the employee is:AIRHOSTESS
[INFO ] 2023-04-30 21:38:24.050 [main] Printer - AIRPORT: Address :com.person.Address@d5b810e
[INFO ] 2023-04-30 21:38:24.050 [main] Printer - AIRPORT: Gender : FEMALE
[INFO ] 2023-04-30 21:38:24.050 [main] Printer - AIRPORT: Designation : AIRHOSTESS
[INFO ] 2023-04-30 21:38:24.050 [main] Printer - AIRPORT: ---------------------------
[INFO ] 2023-04-30 21:38:24.050 [main] Printer - AIRPORT: Validating Airplane Employee
[INFO ] 2023-04-30 21:38:24.050 [main] Printer - AIRPORT: Name : Ria
[INFO ] 2023-04-30 21:38:24.050 [main] Printer - AIRPORT: Age : 56
[INFO ] 2023-04-30 21:38:24.050 [main] Printer - AIRPORT: employee id is :673
[INFO ] 2023-04-30 21:38:24.050 [main] Printer - AIRPORT: Employee salary is :56000.0
[INFO ] 2023-04-30 21:38:24.050 [main] Printer - AIRPORT: Designation of the employee is:MANAGER
[INFO ] 2023-04-30 21:38:24.050 [main] Printer - AIRPORT: Address :com.person.Address@342c38f8
[INFO ] 2023-04-30 21:38:24.050 [main] Printer - AIRPORT: Gender : FEMALE
[INFO ] 2023-04-30 21:38:24.050 [main] Printer - AIRPORT: Designation : MANAGER
[INFO ] 2023-04-30 21:38:24.050 [main] Printer - AIRPORT: ---------------------------
[INFO ] 2023-04-30 21:38:24.050 [main] Printer - AIRPORT: ---------------------------
[INFO ] 2023-04-30 21:38:24.050 [main] Printer - AIRPORT: Runway status TAKEOFF
[INFO ] 2023-04-30 21:38:24.050 [main] Printer - AIRPORT: ---------------------------
[INFO ] 2023-04-30 21:38:24.050 [main] Printer - AIRPORT: Validating Flight
[INFO ] 2023-04-30 21:38:24.050 [main] Printer - AIRPORT: Have a Nice and Happy Journey with our Airlines
[INFO ] 2023-04-30 21:38:24.050 [main] Printer - AIRPORT: OFFERS: Seasonal Offer : 20% of on Menu
[INFO ] 2023-04-30 21:38:24.059 [main] Printer - AIRPORT: Listing Menu and price: 
[INFO ] 2023-04-30 21:38:24.059 [main] Printer - AIRPORT: Item Name : Veg Burger------------15
[INFO ] 2023-04-30 21:38:24.059 [main] Printer - AIRPORT: Item Name : Pizza------------25
[INFO ] 2023-04-30 21:38:24.059 [main] Printer - AIRPORT: Item Name : Chicken Burger------------20
[INFO ] 2023-04-30 21:38:24.059 [main] Printer - AIRPORT: ---------------------------
[INFO ] 2023-04-30 21:38:24.059 [main] Printer - AIRPORT: OFFERS: Seasonal Offer : 20% of on Menu
[INFO ] 2023-04-30 21:38:24.059 [main] Printer - AIRPORT: Listing Menu and price: 
[INFO ] 2023-04-30 21:38:24.059 [main] Printer - AIRPORT: Item Name : Veg Fried Rice------------15
[INFO ] 2023-04-30 21:38:24.059 [main] Printer - AIRPORT: Item Name : Kids Meals------------25
[INFO ] 2023-04-30 21:38:24.059 [main] Printer - AIRPORT: Item Name : Chicken Fried Rice------------20
[INFO ] 2023-04-30 21:38:24.059 [main] Printer - AIRPORT: ---------------------------
[INFO ] 2023-04-30 21:38:24.059 [main] Printer - AIRPORT: OFFERS: Seasonal Offer : 20% of on Menu
[INFO ] 2023-04-30 21:38:24.059 [main] Printer - AIRPORT: Listing Menu and price: 
[INFO ] 2023-04-30 21:38:24.059 [main] Printer - AIRPORT: Item Name : Veg Fried Rice------------15
[INFO ] 2023-04-30 21:38:24.059 [main] Printer - AIRPORT: Item Name : Kids Meals------------25
[INFO ] 2023-04-30 21:38:24.059 [main] Printer - AIRPORT: Item Name : Chicken Fried Rice------------20
[INFO ] 2023-04-30 21:38:24.059 [main] Printer - AIRPORT: ---------------------------
[INFO ] 2023-04-30 21:38:24.059 [main] Printer - AIRPORT: OFFERS: Seasonal Offer : 20% of on Menu
[INFO ] 2023-04-30 21:38:24.059 [main] Printer - AIRPORT: Listing Menu and price
[INFO ] 2023-04-30 21:38:24.059 [main] Printer - AIRPORT: Item name : Veg Noodles--------------15
[INFO ] 2023-04-30 21:38:24.059 [main] Printer - AIRPORT: Item name : Pasta--------------20
[INFO ] 2023-04-30 21:38:24.059 [main] Printer - AIRPORT: Item name : Mango MilkShake--------------25
[INFO ] 2023-04-30 21:38:24.059 [main] Printer - AIRPORT: Item name : Chicken Noodles--------------20
[INFO ] 2023-04-30 21:38:24.059 [main] Printer - AIRPORT: -----------------------------
[INFO ] 2023-04-30 21:38:24.059 [main] Printer - AIRPORT: Validating Address
[INFO ] 2023-04-30 21:38:24.059 [main] Printer - AIRPORT: ---------------------------
[INFO ] 2023-04-30 21:38:24.059 [main] Printer - AIRPORT: Passenger Name : Ranco
[INFO ] 2023-04-30 21:38:24.059 [main] Printer - AIRPORT: Luggage Details { The luggageId is : 1234The PassengerId is :AUX12345The flightId is :UN-ALTotal number of luggages are :2}
[INFO ] 2023-04-30 21:38:24.059 [main] Printer - AIRPORT: Assocaited Luggage { The luggageId is : 1234The PassengerId is :AUX12345The flightId is :UN-ALTotal number of luggages are :2}
[INFO ] 2023-04-30 21:38:24.059 [main] Printer - AIRPORT: ---------------------------
[INFO ] 2023-04-30 21:38:24.059 [main] Printer - AIRPORT: Validating Ticket Counter
[INFO ] 2023-04-30 21:38:24.059 [main] Printer - AIRPORT: ---------------------------
[INFO ] 2023-04-30 21:38:24.059 [main] Printer - AIRPORT: Booking ticket in SA-AL
[INFO ] 2023-04-30 21:38:24.059 [main] Printer - AIRPORT: The details are :SingaporeAirlines, Bangalore to SFO, ticket price: 1400.0$
[INFO ] 2023-04-30 21:38:24.059 [main] Printer - AIRPORT: Booking ticket in UN-AL
[INFO ] 2023-04-30 21:38:24.059 [main] Printer - AIRPORT: The details are :UnitedAirlines, Tokyo to UAE, ticket price: 1500.0$
[INFO ] 2023-04-30 21:38:24.059 [main] Printer - AIRPORT: Booking ticket in UN-AL
[INFO ] 2023-04-30 21:38:24.059 [main] Printer - AIRPORT: The details are :SouthwestAirlines, KL to Indonesia, ticket price: 1600.0$
[INFO ] 2023-04-30 21:38:24.059 [main] Printer - AIRPORT: Booking ticket in EM-AL
[INFO ] 2023-04-30 21:38:24.059 [main] Printer - AIRPORT: The details are :SingaporeAirlines, NewYork to Singapore, ticket price: 1300.0$
[INFO ] 2023-04-30 21:38:24.059 [main] Printer - AIRPORT: ---------------------------
[INFO ] 2023-04-30 21:38:24.059 [main] Printer - AIRPORT: Validating Ticket Counter
[INFO ] 2023-04-30 21:38:24.059 [main] Printer - AIRPORT: ---------------------------
[DEBUG] 2023-04-30 21:38:24.059 [main] Printer - Booking flight seat
[ERROR] 2023-04-30 21:38:24.059 [main] Printer - ERROR: Book Ticket error : SA-AL : There are no seats left to book
[INFO ] 2023-04-30 21:38:24.059 [main] Printer - AIRPORT: ---------------------------
[INFO ] 2023-04-30 21:38:24.059 [main] Printer - AIRPORT: Validating Routes For SFO Route
[INFO ] 2023-04-30 21:38:24.059 [main] Printer - AIRPORT: ---------------------------
[INFO ] 2023-04-30 21:38:24.059 [main] Printer - AIRPORT: The source is: India
[INFO ] 2023-04-30 21:38:24.059 [main] Printer - AIRPORT: The destination is:SFO
[INFO ] 2023-04-30 21:38:24.059 [main] Printer - AIRPORT: No of Flights for this route are:4
[INFO ] 2023-04-30 21:38:24.059 [main] Printer - AIRPORT: ---------------------------
[INFO ] 2023-04-30 21:38:24.059 [main] Printer - AIRPORT: Validating for Airport Employee
[INFO ] 2023-04-30 21:38:24.059 [main] Printer - AIRPORT: ---------------------------
[DEBUG] 2023-04-30 21:38:24.059 [main] Printer - Airport employee initialized
[INFO ] 2023-04-30 21:38:24.059 [main] Printer - AIRPORT: Name : Nancy
[INFO ] 2023-04-30 21:38:24.059 [main] Printer - AIRPORT: Age : 23
[INFO ] 2023-04-30 21:38:24.059 [main] Printer - AIRPORT: employee id is :0
[INFO ] 2023-04-30 21:38:24.059 [main] Printer - AIRPORT: Employee salary is :65000.0
[INFO ] 2023-04-30 21:38:24.059 [main] Printer - AIRPORT: Designation of the employee is:CARGO_MANAGER
[INFO ] 2023-04-30 21:38:24.059 [main] Printer - AIRPORT: Address :com.person.Address@3c7f66c4
[INFO ] 2023-04-30 21:38:24.059 [main] Printer - AIRPORT: Gender : FEMALE
[INFO ] 2023-04-30 21:38:24.059 [main] Printer - AIRPORT: Designation : CARGO_MANAGER
[INFO ] 2023-04-30 21:38:24.059 [main] Printer - AIRPORT: ---------------------------
[INFO ] 2023-04-30 21:38:24.059 [main] Printer - AIRPORT: Validating for Airplane Employee
[INFO ] 2023-04-30 21:38:24.059 [main] Printer - AIRPORT: ---------------------------
[INFO ] 2023-04-30 21:38:24.059 [main] Printer - AIRPORT: Name : Nancy
[INFO ] 2023-04-30 21:38:24.059 [main] Printer - AIRPORT: Age : 23
[INFO ] 2023-04-30 21:38:24.059 [main] Printer - AIRPORT: employee id is :0
[INFO ] 2023-04-30 21:38:24.059 [main] Printer - AIRPORT: Employee salary is :65000.0
[INFO ] 2023-04-30 21:38:24.059 [main] Printer - AIRPORT: Designation of the employee is:CARGO_MANAGER
[INFO ] 2023-04-30 21:38:24.059 [main] Printer - AIRPORT: Address :com.person.Address@3c7f66c4
[INFO ] 2023-04-30 21:38:24.059 [main] Printer - AIRPORT: Gender : FEMALE
[INFO ] 2023-04-30 21:38:24.059 [main] Printer - AIRPORT: Designation : CARGO_MANAGER
[INFO ] 2023-04-30 21:38:24.059 [main] Printer - AIRPORT: Assigned Airplane SingaporeAirlines
[INFO ] 2023-04-30 21:38:24.059 [main] Printer - AIRPORT: The Assigned airplane :SingaporeAirlines
[INFO ] 2023-04-30 21:38:24.059 [main] Printer - AIRPORT: ---------------------------
[INFO ] 2023-04-30 21:38:24.059 [main] Printer - AIRPORT: Runway status
[INFO ] 2023-04-30 21:38:24.059 [main] Printer - AIRPORT: ---------------------------
[INFO ] 2023-04-30 21:38:24.074 [main] Printer - AIRPORT: a plane is taking off!
[INFO ] 2023-04-30 21:38:24.074 [main] Printer - AIRPORT: Nothing is going on the runway!
[INFO ] 2023-04-30 21:38:24.074 [main] Printer - AIRPORT: A plane is landing!
[INFO ] 2023-04-30 21:38:24.074 [main] Printer - AIRPORT: ---------------------------
[INFO ] 2023-04-30 21:38:24.074 [main] Printer - AIRPORT: ---------------------------
[INFO ] 2023-04-30 21:38:24.074 [main] Printer - AIRPORT: Validating Airport Runway
[INFO ] 2023-04-30 21:38:24.074 [main] Printer - AIRPORT: The runway is occupied
[INFO ] 2023-04-30 21:38:24.074 [main] Printer - AIRPORT: 
The runway Number is : 4
The flightname is :Unitedairlines
The occupied status is :true
[INFO ] 2023-04-30 21:38:24.074 [main] Printer - AIRPORT: -----------------------------
[INFO ] 2023-04-30 21:38:24.074 [main] Printer - AIRPORT: Please enter the airport name: 
[INFO ] 2023-04-30 21:38:36.239 [main] Printer - AIRPORT: searching airport:sfo
[DEBUG] 2023-04-30 21:38:36.239 [main] Printer - printing Airport details
[INFO ] 2023-04-30 21:38:36.239 [main] Printer - AIRPORT: 
airportName : SFO
 cityName :San Francisco
 area :UnitedStates
 The open status of Airport :true
[INFO ] 2023-04-30 21:38:36.239 [main] Printer - AIRPORT: The details of the airport are:
airportName : SFO
 cityName :San Francisco
 area :UnitedStates
 The open status of Airport :true
[ERROR] 2023-04-30 21:38:36.239 [main] Printer - ERROR: Luggage Error: No of Luggage limit got exceeded
[ERROR] 2023-04-30 21:38:36.248 [main] Printer - ERROR: Ticket Error :E:\src\ticket2.txt (The system cannot find the path specified)
[INFO ] 2023-04-30 21:38:43.555 [main] Printer - AIRPORT: ---------------------------
[INFO ] 2023-04-30 21:38:43.555 [main] Printer - AIRPORT: Project AIRPORT
[INFO ] 2023-04-30 21:38:43.555 [main] Printer - AIRPORT: ---------------------------
[INFO ] 2023-04-30 21:38:43.555 [main] Printer - AIRPORT: Airport Details
[DEBUG] 2023-04-30 21:38:43.555 [main] Printer - printing Airport details
[INFO ] 2023-04-30 21:38:43.562 [main] Printer - AIRPORT: 
airportName : SFO
 cityName :San Francisco
 area :UnitedStates
 The open status of Airport :true
[INFO ] 2023-04-30 21:38:43.562 [main] Printer - AIRPORT: The map elements are :
[INFO ] 2023-04-30 21:38:43.562 [main] Printer - AIRPORT: EM-AL:EmiratesAirlines
[INFO ] 2023-04-30 21:38:43.562 [main] Printer - AIRPORT: SP-AL:SingaporeAirlines
[INFO ] 2023-04-30 21:38:43.562 [main] Printer - AIRPORT: SW-AL:SouthwestAirlines
[INFO ] 2023-04-30 21:38:43.562 [main] Printer - AIRPORT: UN-AL:UnitedAirlines
[INFO ] 2023-04-30 21:38:43.562 [main] Printer - AIRPORT: ---------------------------
[INFO ] 2023-04-30 21:38:43.562 [main] Printer - AIRPORT: Employee Details
[INFO ] 2023-04-30 21:38:43.562 [main] Printer - AIRPORT: Name : Henry
[INFO ] 2023-04-30 21:38:43.562 [main] Printer - AIRPORT: Age : 32
[INFO ] 2023-04-30 21:38:43.562 [main] Printer - AIRPORT: employee id is :123
[INFO ] 2023-04-30 21:38:43.562 [main] Printer - AIRPORT: Employee salary is :23000.0
[INFO ] 2023-04-30 21:38:43.571 [main] Printer - AIRPORT: Designation of the employee is:CUSTOMERCARE
[INFO ] 2023-04-30 21:38:43.571 [main] Printer - AIRPORT: Address :com.person.Address@6392827e
[INFO ] 2023-04-30 21:38:43.571 [main] Printer - AIRPORT: Gender : MALE
[INFO ] 2023-04-30 21:38:43.571 [main] Printer - AIRPORT: Designation : CUSTOMERCARE
[INFO ] 2023-04-30 21:38:43.571 [main] Printer - AIRPORT: ---------------------------
[INFO ] 2023-04-30 21:38:43.571 [main] Printer - AIRPORT: ---------------------------
[INFO ] 2023-04-30 21:38:43.571 [main] Printer - AIRPORT: Validating AirportEmployee
[DEBUG] 2023-04-30 21:38:43.571 [main] Printer - Airport employee initialized
[INFO ] 2023-04-30 21:38:43.571 [main] Printer - AIRPORT: Name : Eliza
[INFO ] 2023-04-30 21:38:43.571 [main] Printer - AIRPORT: Age : 45
[INFO ] 2023-04-30 21:38:43.571 [main] Printer - AIRPORT: employee id is :345
[INFO ] 2023-04-30 21:38:43.571 [main] Printer - AIRPORT: Employee salary is :56000.0
[INFO ] 2023-04-30 21:38:43.571 [main] Printer - AIRPORT: Designation of the employee is:AIRHOSTESS
[INFO ] 2023-04-30 21:38:43.571 [main] Printer - AIRPORT: Address :com.person.Address@d5b810e
[INFO ] 2023-04-30 21:38:43.571 [main] Printer - AIRPORT: Gender : FEMALE
[INFO ] 2023-04-30 21:38:43.571 [main] Printer - AIRPORT: Designation : AIRHOSTESS
[INFO ] 2023-04-30 21:38:43.571 [main] Printer - AIRPORT: ---------------------------
[INFO ] 2023-04-30 21:38:43.571 [main] Printer - AIRPORT: Validating Airplane Employee
[INFO ] 2023-04-30 21:38:43.571 [main] Printer - AIRPORT: Name : Ria
[INFO ] 2023-04-30 21:38:43.571 [main] Printer - AIRPORT: Age : 56
[INFO ] 2023-04-30 21:38:43.571 [main] Printer - AIRPORT: employee id is :673
[INFO ] 2023-04-30 21:38:43.571 [main] Printer - AIRPORT: Employee salary is :56000.0
[INFO ] 2023-04-30 21:38:43.571 [main] Printer - AIRPORT: Designation of the employee is:MANAGER
[INFO ] 2023-04-30 21:38:43.571 [main] Printer - AIRPORT: Address :com.person.Address@342c38f8
[INFO ] 2023-04-30 21:38:43.571 [main] Printer - AIRPORT: Gender : FEMALE
[INFO ] 2023-04-30 21:38:43.571 [main] Printer - AIRPORT: Designation : MANAGER
[INFO ] 2023-04-30 21:38:43.571 [main] Printer - AIRPORT: ---------------------------
[INFO ] 2023-04-30 21:38:43.571 [main] Printer - AIRPORT: ---------------------------
[INFO ] 2023-04-30 21:38:43.571 [main] Printer - AIRPORT: Runway status TAKEOFF
[INFO ] 2023-04-30 21:38:43.571 [main] Printer - AIRPORT: ---------------------------
[INFO ] 2023-04-30 21:38:43.571 [main] Printer - AIRPORT: Validating Flight
[INFO ] 2023-04-30 21:38:43.571 [main] Printer - AIRPORT: Have a Nice and Happy Journey with our Airlines
[INFO ] 2023-04-30 21:38:43.571 [main] Printer - AIRPORT: OFFERS: Seasonal Offer : 20% of on Menu
[INFO ] 2023-04-30 21:38:43.571 [main] Printer - AIRPORT: Listing Menu and price: 
[INFO ] 2023-04-30 21:38:43.571 [main] Printer - AIRPORT: Item Name : Veg Burger------------15
[INFO ] 2023-04-30 21:38:43.571 [main] Printer - AIRPORT: Item Name : Pizza------------25
[INFO ] 2023-04-30 21:38:43.571 [main] Printer - AIRPORT: Item Name : Chicken Burger------------20
[INFO ] 2023-04-30 21:38:43.571 [main] Printer - AIRPORT: ---------------------------
[INFO ] 2023-04-30 21:38:43.571 [main] Printer - AIRPORT: OFFERS: Seasonal Offer : 20% of on Menu
[INFO ] 2023-04-30 21:38:43.571 [main] Printer - AIRPORT: Listing Menu and price: 
[INFO ] 2023-04-30 21:38:43.571 [main] Printer - AIRPORT: Item Name : Veg Fried Rice------------15
[INFO ] 2023-04-30 21:38:43.571 [main] Printer - AIRPORT: Item Name : Kids Meals------------25
[INFO ] 2023-04-30 21:38:43.571 [main] Printer - AIRPORT: Item Name : Chicken Fried Rice------------20
[INFO ] 2023-04-30 21:38:43.571 [main] Printer - AIRPORT: ---------------------------
[INFO ] 2023-04-30 21:38:43.571 [main] Printer - AIRPORT: OFFERS: Seasonal Offer : 20% of on Menu
[INFO ] 2023-04-30 21:38:43.571 [main] Printer - AIRPORT: Listing Menu and price: 
[INFO ] 2023-04-30 21:38:43.571 [main] Printer - AIRPORT: Item Name : Veg Fried Rice------------15
[INFO ] 2023-04-30 21:38:43.571 [main] Printer - AIRPORT: Item Name : Kids Meals------------25
[INFO ] 2023-04-30 21:38:43.571 [main] Printer - AIRPORT: Item Name : Chicken Fried Rice------------20
[INFO ] 2023-04-30 21:38:43.571 [main] Printer - AIRPORT: ---------------------------
[INFO ] 2023-04-30 21:38:43.571 [main] Printer - AIRPORT: OFFERS: Seasonal Offer : 20% of on Menu
[INFO ] 2023-04-30 21:38:43.571 [main] Printer - AIRPORT: Listing Menu and price
[INFO ] 2023-04-30 21:38:43.571 [main] Printer - AIRPORT: Item name : Veg Noodles--------------15
[INFO ] 2023-04-30 21:38:43.571 [main] Printer - AIRPORT: Item name : Pasta--------------20
[INFO ] 2023-04-30 21:38:43.571 [main] Printer - AIRPORT: Item name : Mango MilkShake--------------25
[INFO ] 2023-04-30 21:38:43.571 [main] Printer - AIRPORT: Item name : Chicken Noodles--------------20
[INFO ] 2023-04-30 21:38:43.571 [main] Printer - AIRPORT: -----------------------------
[INFO ] 2023-04-30 21:38:43.571 [main] Printer - AIRPORT: Validating Address
[INFO ] 2023-04-30 21:38:43.571 [main] Printer - AIRPORT: ---------------------------
[INFO ] 2023-04-30 21:38:43.571 [main] Printer - AIRPORT: Passenger Name : Ranco
[INFO ] 2023-04-30 21:38:43.571 [main] Printer - AIRPORT: Luggage Details { The luggageId is : 1234The PassengerId is :AUX12345The flightId is :UN-ALTotal number of luggages are :2}
[INFO ] 2023-04-30 21:38:43.571 [main] Printer - AIRPORT: Assocaited Luggage { The luggageId is : 1234The PassengerId is :AUX12345The flightId is :UN-ALTotal number of luggages are :2}
[INFO ] 2023-04-30 21:38:43.571 [main] Printer - AIRPORT: ---------------------------
[INFO ] 2023-04-30 21:38:43.587 [main] Printer - AIRPORT: Validating Ticket Counter
[INFO ] 2023-04-30 21:38:43.587 [main] Printer - AIRPORT: ---------------------------
[INFO ] 2023-04-30 21:38:43.587 [main] Printer - AIRPORT: Booking ticket in SA-AL
[INFO ] 2023-04-30 21:38:43.587 [main] Printer - AIRPORT: The details are :SingaporeAirlines, Bangalore to SFO, ticket price: 1400.0$
[INFO ] 2023-04-30 21:38:43.587 [main] Printer - AIRPORT: Booking ticket in UN-AL
[INFO ] 2023-04-30 21:38:43.587 [main] Printer - AIRPORT: The details are :UnitedAirlines, Tokyo to UAE, ticket price: 1500.0$
[INFO ] 2023-04-30 21:38:43.587 [main] Printer - AIRPORT: Booking ticket in UN-AL
[INFO ] 2023-04-30 21:38:43.587 [main] Printer - AIRPORT: The details are :SouthwestAirlines, KL to Indonesia, ticket price: 1600.0$
[INFO ] 2023-04-30 21:38:43.587 [main] Printer - AIRPORT: Booking ticket in EM-AL
[INFO ] 2023-04-30 21:38:43.587 [main] Printer - AIRPORT: The details are :SingaporeAirlines, NewYork to Singapore, ticket price: 1300.0$
[INFO ] 2023-04-30 21:38:43.587 [main] Printer - AIRPORT: ---------------------------
[INFO ] 2023-04-30 21:38:43.587 [main] Printer - AIRPORT: Validating Ticket Counter
[INFO ] 2023-04-30 21:38:43.587 [main] Printer - AIRPORT: ---------------------------
[DEBUG] 2023-04-30 21:38:43.587 [main] Printer - Booking flight seat
[ERROR] 2023-04-30 21:38:43.587 [main] Printer - ERROR: Book Ticket error : SA-AL : There are no seats left to book
[INFO ] 2023-04-30 21:38:43.587 [main] Printer - AIRPORT: ---------------------------
[INFO ] 2023-04-30 21:38:43.587 [main] Printer - AIRPORT: Validating Routes For SFO Route
[INFO ] 2023-04-30 21:38:43.587 [main] Printer - AIRPORT: ---------------------------
[INFO ] 2023-04-30 21:38:43.587 [main] Printer - AIRPORT: The source is: India
[INFO ] 2023-04-30 21:38:43.587 [main] Printer - AIRPORT: The destination is:SFO
[INFO ] 2023-04-30 21:38:43.587 [main] Printer - AIRPORT: No of Flights for this route are:4
[INFO ] 2023-04-30 21:38:43.587 [main] Printer - AIRPORT: ---------------------------
[INFO ] 2023-04-30 21:38:43.587 [main] Printer - AIRPORT: Validating for Airport Employee
[INFO ] 2023-04-30 21:38:43.587 [main] Printer - AIRPORT: ---------------------------
[DEBUG] 2023-04-30 21:38:43.587 [main] Printer - Airport employee initialized
[INFO ] 2023-04-30 21:38:43.587 [main] Printer - AIRPORT: Name : Nancy
[INFO ] 2023-04-30 21:38:43.587 [main] Printer - AIRPORT: Age : 23
[INFO ] 2023-04-30 21:38:43.587 [main] Printer - AIRPORT: employee id is :0
[INFO ] 2023-04-30 21:38:43.587 [main] Printer - AIRPORT: Employee salary is :65000.0
[INFO ] 2023-04-30 21:38:43.587 [main] Printer - AIRPORT: Designation of the employee is:CARGO_MANAGER
[INFO ] 2023-04-30 21:38:43.587 [main] Printer - AIRPORT: Address :com.person.Address@3c7f66c4
[INFO ] 2023-04-30 21:38:43.587 [main] Printer - AIRPORT: Gender : FEMALE
[INFO ] 2023-04-30 21:38:43.587 [main] Printer - AIRPORT: Designation : CARGO_MANAGER
[INFO ] 2023-04-30 21:38:43.587 [main] Printer - AIRPORT: ---------------------------
[INFO ] 2023-04-30 21:38:43.587 [main] Printer - AIRPORT: Validating for Airplane Employee
[INFO ] 2023-04-30 21:38:43.587 [main] Printer - AIRPORT: ---------------------------
[INFO ] 2023-04-30 21:38:43.587 [main] Printer - AIRPORT: Name : Nancy
[INFO ] 2023-04-30 21:38:43.587 [main] Printer - AIRPORT: Age : 23
[INFO ] 2023-04-30 21:38:43.587 [main] Printer - AIRPORT: employee id is :0
[INFO ] 2023-04-30 21:38:43.587 [main] Printer - AIRPORT: Employee salary is :65000.0
[INFO ] 2023-04-30 21:38:43.587 [main] Printer - AIRPORT: Designation of the employee is:CARGO_MANAGER
[INFO ] 2023-04-30 21:38:43.587 [main] Printer - AIRPORT: Address :com.person.Address@3c7f66c4
[INFO ] 2023-04-30 21:38:43.587 [main] Printer - AIRPORT: Gender : FEMALE
[INFO ] 2023-04-30 21:38:43.587 [main] Printer - AIRPORT: Designation : CARGO_MANAGER
[INFO ] 2023-04-30 21:38:43.587 [main] Printer - AIRPORT: Assigned Airplane SingaporeAirlines
[INFO ] 2023-04-30 21:38:43.587 [main] Printer - AIRPORT: The Assigned airplane :SingaporeAirlines
[INFO ] 2023-04-30 21:38:43.587 [main] Printer - AIRPORT: ---------------------------
[INFO ] 2023-04-30 21:38:43.587 [main] Printer - AIRPORT: Runway status
[INFO ] 2023-04-30 21:38:43.587 [main] Printer - AIRPORT: ---------------------------
[INFO ] 2023-04-30 21:38:43.587 [main] Printer - AIRPORT: a plane is taking off!
[INFO ] 2023-04-30 21:38:43.587 [main] Printer - AIRPORT: Nothing is going on the runway!
[INFO ] 2023-04-30 21:38:43.587 [main] Printer - AIRPORT: A plane is landing!
[INFO ] 2023-04-30 21:38:43.587 [main] Printer - AIRPORT: ---------------------------
[INFO ] 2023-04-30 21:38:43.587 [main] Printer - AIRPORT: ---------------------------
[INFO ] 2023-04-30 21:38:43.587 [main] Printer - AIRPORT: Validating Airport Runway
[INFO ] 2023-04-30 21:38:43.587 [main] Printer - AIRPORT: The runway is occupied
[INFO ] 2023-04-30 21:38:43.587 [main] Printer - AIRPORT: 
The runway Number is : 4
The flightname is :Unitedairlines
The occupied status is :true
[INFO ] 2023-04-30 21:38:43.587 [main] Printer - AIRPORT: -----------------------------
[INFO ] 2023-04-30 21:38:43.603 [main] Printer - AIRPORT: Please enter the airport name: 
[INFO ] 2023-04-30 21:38:48.342 [main] Printer - AIRPORT: searching airport:invalid
[INFO ] 2023-04-30 21:38:48.342 [main] Printer - AIRPORT: Found Exception invalidAirport not found
[ERROR] 2023-04-30 21:38:48.342 [main] Printer - ERROR: Luggage Error: No of Luggage limit got exceeded
[ERROR] 2023-04-30 21:38:48.342 [main] Printer - ERROR: Ticket Error :E:\src\ticket2.txt (The system cannot find the path specified)
[INFO ] 2023-04-30 21:39:06.392 [main] Printer - AIRPORT: ---------------------------
[INFO ] 2023-04-30 21:39:06.407 [main] Printer - AIRPORT: Project AIRPORT
[INFO ] 2023-04-30 21:39:06.407 [main] Printer - AIRPORT: ---------------------------
[INFO ] 2023-04-30 21:39:06.407 [main] Printer - AIRPORT: Airport Details
[DEBUG] 2023-04-30 21:39:06.407 [main] Printer - printing Airport details
[INFO ] 2023-04-30 21:39:06.407 [main] Printer - AIRPORT: 
airportName : SFO
 cityName :San Francisco
 area :UnitedStates
 The open status of Airport :true
[INFO ] 2023-04-30 21:39:06.407 [main] Printer - AIRPORT: The map elements are :
[INFO ] 2023-04-30 21:39:06.407 [main] Printer - AIRPORT: EM-AL:EmiratesAirlines
[INFO ] 2023-04-30 21:39:06.407 [main] Printer - AIRPORT: SP-AL:SingaporeAirlines
[INFO ] 2023-04-30 21:39:06.407 [main] Printer - AIRPORT: SW-AL:SouthwestAirlines
[INFO ] 2023-04-30 21:39:06.407 [main] Printer - AIRPORT: UN-AL:UnitedAirlines
[INFO ] 2023-04-30 21:39:06.407 [main] Printer - AIRPORT: ---------------------------
[INFO ] 2023-04-30 21:39:06.407 [main] Printer - AIRPORT: Employee Details
[INFO ] 2023-04-30 21:39:06.407 [main] Printer - AIRPORT: Name : Henry
[INFO ] 2023-04-30 21:39:06.407 [main] Printer - AIRPORT: Age : 32
[INFO ] 2023-04-30 21:39:06.407 [main] Printer - AIRPORT: employee id is :123
[INFO ] 2023-04-30 21:39:06.407 [main] Printer - AIRPORT: Employee salary is :23000.0
[INFO ] 2023-04-30 21:39:06.407 [main] Printer - AIRPORT: Designation of the employee is:CUSTOMERCARE
[INFO ] 2023-04-30 21:39:06.407 [main] Printer - AIRPORT: Address :com.person.Address@6392827e
[INFO ] 2023-04-30 21:39:06.407 [main] Printer - AIRPORT: Gender : MALE
[INFO ] 2023-04-30 21:39:06.407 [main] Printer - AIRPORT: Designation : CUSTOMERCARE
[INFO ] 2023-04-30 21:39:06.407 [main] Printer - AIRPORT: ---------------------------
[INFO ] 2023-04-30 21:39:06.407 [main] Printer - AIRPORT: ---------------------------
[INFO ] 2023-04-30 21:39:06.407 [main] Printer - AIRPORT: Validating AirportEmployee
[DEBUG] 2023-04-30 21:39:06.407 [main] Printer - Airport employee initialized
[INFO ] 2023-04-30 21:39:06.407 [main] Printer - AIRPORT: Name : Eliza
[INFO ] 2023-04-30 21:39:06.407 [main] Printer - AIRPORT: Age : 45
[INFO ] 2023-04-30 21:39:06.407 [main] Printer - AIRPORT: employee id is :345
[INFO ] 2023-04-30 21:39:06.407 [main] Printer - AIRPORT: Employee salary is :56000.0
[INFO ] 2023-04-30 21:39:06.407 [main] Printer - AIRPORT: Designation of the employee is:AIRHOSTESS
[INFO ] 2023-04-30 21:39:06.407 [main] Printer - AIRPORT: Address :com.person.Address@d5b810e
[INFO ] 2023-04-30 21:39:06.407 [main] Printer - AIRPORT: Gender : FEMALE
[INFO ] 2023-04-30 21:39:06.407 [main] Printer - AIRPORT: Designation : AIRHOSTESS
[INFO ] 2023-04-30 21:39:06.407 [main] Printer - AIRPORT: ---------------------------
[INFO ] 2023-04-30 21:39:06.407 [main] Printer - AIRPORT: Validating Airplane Employee
[INFO ] 2023-04-30 21:39:06.407 [main] Printer - AIRPORT: Name : Ria
[INFO ] 2023-04-30 21:39:06.407 [main] Printer - AIRPORT: Age : 56
[INFO ] 2023-04-30 21:39:06.407 [main] Printer - AIRPORT: employee id is :673
[INFO ] 2023-04-30 21:39:06.407 [main] Printer - AIRPORT: Employee salary is :56000.0
[INFO ] 2023-04-30 21:39:06.407 [main] Printer - AIRPORT: Designation of the employee is:MANAGER
[INFO ] 2023-04-30 21:39:06.407 [main] Printer - AIRPORT: Address :com.person.Address@342c38f8
[INFO ] 2023-04-30 21:39:06.407 [main] Printer - AIRPORT: Gender : FEMALE
[INFO ] 2023-04-30 21:39:06.423 [main] Printer - AIRPORT: Designation : MANAGER
[INFO ] 2023-04-30 21:39:06.423 [main] Printer - AIRPORT: ---------------------------
[INFO ] 2023-04-30 21:39:06.423 [main] Printer - AIRPORT: ---------------------------
[INFO ] 2023-04-30 21:39:06.423 [main] Printer - AIRPORT: Runway status TAKEOFF
[INFO ] 2023-04-30 21:39:06.423 [main] Printer - AIRPORT: ---------------------------
[INFO ] 2023-04-30 21:39:06.423 [main] Printer - AIRPORT: Validating Flight
[INFO ] 2023-04-30 21:39:06.423 [main] Printer - AIRPORT: Have a Nice and Happy Journey with our Airlines
[INFO ] 2023-04-30 21:39:06.423 [main] Printer - AIRPORT: OFFERS: Seasonal Offer : 20% of on Menu
[INFO ] 2023-04-30 21:39:06.423 [main] Printer - AIRPORT: Listing Menu and price: 
[INFO ] 2023-04-30 21:39:06.423 [main] Printer - AIRPORT: Item Name : Veg Burger------------15
[INFO ] 2023-04-30 21:39:06.423 [main] Printer - AIRPORT: Item Name : Pizza------------25
[INFO ] 2023-04-30 21:39:06.423 [main] Printer - AIRPORT: Item Name : Chicken Burger------------20
[INFO ] 2023-04-30 21:39:06.423 [main] Printer - AIRPORT: ---------------------------
[INFO ] 2023-04-30 21:39:06.423 [main] Printer - AIRPORT: OFFERS: Seasonal Offer : 20% of on Menu
[INFO ] 2023-04-30 21:39:06.423 [main] Printer - AIRPORT: Listing Menu and price: 
[INFO ] 2023-04-30 21:39:06.423 [main] Printer - AIRPORT: Item Name : Veg Fried Rice------------15
[INFO ] 2023-04-30 21:39:06.423 [main] Printer - AIRPORT: Item Name : Kids Meals------------25
[INFO ] 2023-04-30 21:39:06.423 [main] Printer - AIRPORT: Item Name : Chicken Fried Rice------------20
[INFO ] 2023-04-30 21:39:06.423 [main] Printer - AIRPORT: ---------------------------
[INFO ] 2023-04-30 21:39:06.423 [main] Printer - AIRPORT: OFFERS: Seasonal Offer : 20% of on Menu
[INFO ] 2023-04-30 21:39:06.423 [main] Printer - AIRPORT: Listing Menu and price: 
[INFO ] 2023-04-30 21:39:06.423 [main] Printer - AIRPORT: Item Name : Veg Fried Rice------------15
[INFO ] 2023-04-30 21:39:06.423 [main] Printer - AIRPORT: Item Name : Kids Meals------------25
[INFO ] 2023-04-30 21:39:06.423 [main] Printer - AIRPORT: Item Name : Chicken Fried Rice------------20
[INFO ] 2023-04-30 21:39:06.423 [main] Printer - AIRPORT: ---------------------------
[INFO ] 2023-04-30 21:39:06.423 [main] Printer - AIRPORT: OFFERS: Seasonal Offer : 20% of on Menu
[INFO ] 2023-04-30 21:39:06.423 [main] Printer - AIRPORT: Listing Menu and price
[INFO ] 2023-04-30 21:39:06.423 [main] Printer - AIRPORT: Item name : Veg Noodles--------------15
[INFO ] 2023-04-30 21:39:06.423 [main] Printer - AIRPORT: Item name : Pasta--------------20
[INFO ] 2023-04-30 21:39:06.423 [main] Printer - AIRPORT: Item name : Mango MilkShake--------------25
[INFO ] 2023-04-30 21:39:06.423 [main] Printer - AIRPORT: Item name : Chicken Noodles--------------20
[INFO ] 2023-04-30 21:39:06.423 [main] Printer - AIRPORT: -----------------------------
[INFO ] 2023-04-30 21:39:06.423 [main] Printer - AIRPORT: Validating Address
[INFO ] 2023-04-30 21:39:06.423 [main] Printer - AIRPORT: ---------------------------
[INFO ] 2023-04-30 21:39:06.423 [main] Printer - AIRPORT: Passenger Name : Ranco
[INFO ] 2023-04-30 21:39:06.423 [main] Printer - AIRPORT: Luggage Details { The luggageId is : 1234The PassengerId is :AUX12345The flightId is :UN-ALTotal number of luggages are :2}
[INFO ] 2023-04-30 21:39:06.423 [main] Printer - AIRPORT: Assocaited Luggage { The luggageId is : 1234The PassengerId is :AUX12345The flightId is :UN-ALTotal number of luggages are :2}
[INFO ] 2023-04-30 21:39:06.423 [main] Printer - AIRPORT: ---------------------------
[INFO ] 2023-04-30 21:39:06.423 [main] Printer - AIRPORT: Validating Ticket Counter
[INFO ] 2023-04-30 21:39:06.423 [main] Printer - AIRPORT: ---------------------------
[INFO ] 2023-04-30 21:39:06.423 [main] Printer - AIRPORT: Booking ticket in SA-AL
[INFO ] 2023-04-30 21:39:06.423 [main] Printer - AIRPORT: The details are :SingaporeAirlines, Bangalore to SFO, ticket price: 1400.0$
[INFO ] 2023-04-30 21:39:06.423 [main] Printer - AIRPORT: Booking ticket in UN-AL
[INFO ] 2023-04-30 21:39:06.423 [main] Printer - AIRPORT: The details are :UnitedAirlines, Tokyo to UAE, ticket price: 1500.0$
[INFO ] 2023-04-30 21:39:06.423 [main] Printer - AIRPORT: Booking ticket in UN-AL
[INFO ] 2023-04-30 21:39:06.423 [main] Printer - AIRPORT: The details are :SouthwestAirlines, KL to Indonesia, ticket price: 1600.0$
[INFO ] 2023-04-30 21:39:06.423 [main] Printer - AIRPORT: Booking ticket in EM-AL
[INFO ] 2023-04-30 21:39:06.423 [main] Printer - AIRPORT: The details are :SingaporeAirlines, NewYork to Singapore, ticket price: 1300.0$
[INFO ] 2023-04-30 21:39:06.423 [main] Printer - AIRPORT: ---------------------------
[INFO ] 2023-04-30 21:39:06.423 [main] Printer - AIRPORT: Validating Ticket Counter
[INFO ] 2023-04-30 21:39:06.423 [main] Printer - AIRPORT: ---------------------------
[DEBUG] 2023-04-30 21:39:06.423 [main] Printer - Booking flight seat
[ERROR] 2023-04-30 21:39:06.423 [main] Printer - ERROR: Book Ticket error : SA-AL : There are no seats left to book
[INFO ] 2023-04-30 21:39:06.423 [main] Printer - AIRPORT: ---------------------------
[INFO ] 2023-04-30 21:39:06.423 [main] Printer - AIRPORT: Validating Routes For SFO Route
[INFO ] 2023-04-30 21:39:06.423 [main] Printer - AIRPORT: ---------------------------
[INFO ] 2023-04-30 21:39:06.423 [main] Printer - AIRPORT: The source is: India
[INFO ] 2023-04-30 21:39:06.423 [main] Printer - AIRPORT: The destination is:SFO
[INFO ] 2023-04-30 21:39:06.423 [main] Printer - AIRPORT: No of Flights for this route are:4
[INFO ] 2023-04-30 21:39:06.423 [main] Printer - AIRPORT: ---------------------------
[INFO ] 2023-04-30 21:39:06.423 [main] Printer - AIRPORT: Validating for Airport Employee
[INFO ] 2023-04-30 21:39:06.423 [main] Printer - AIRPORT: ---------------------------
[DEBUG] 2023-04-30 21:39:06.423 [main] Printer - Airport employee initialized
[INFO ] 2023-04-30 21:39:06.423 [main] Printer - AIRPORT: Name : Nancy
[INFO ] 2023-04-30 21:39:06.423 [main] Printer - AIRPORT: Age : 23
[INFO ] 2023-04-30 21:39:06.423 [main] Printer - AIRPORT: employee id is :0
[INFO ] 2023-04-30 21:39:06.423 [main] Printer - AIRPORT: Employee salary is :65000.0
[INFO ] 2023-04-30 21:39:06.423 [main] Printer - AIRPORT: Designation of the employee is:CARGO_MANAGER
[INFO ] 2023-04-30 21:39:06.423 [main] Printer - AIRPORT: Address :com.person.Address@3c7f66c4
[INFO ] 2023-04-30 21:39:06.423 [main] Printer - AIRPORT: Gender : FEMALE
[INFO ] 2023-04-30 21:39:06.423 [main] Printer - AIRPORT: Designation : CARGO_MANAGER
[INFO ] 2023-04-30 21:39:06.439 [main] Printer - AIRPORT: ---------------------------
[INFO ] 2023-04-30 21:39:06.439 [main] Printer - AIRPORT: Validating for Airplane Employee
[INFO ] 2023-04-30 21:39:06.439 [main] Printer - AIRPORT: ---------------------------
[INFO ] 2023-04-30 21:39:06.439 [main] Printer - AIRPORT: Name : Nancy
[INFO ] 2023-04-30 21:39:06.439 [main] Printer - AIRPORT: Age : 23
[INFO ] 2023-04-30 21:39:06.439 [main] Printer - AIRPORT: employee id is :0
[INFO ] 2023-04-30 21:39:06.439 [main] Printer - AIRPORT: Employee salary is :65000.0
[INFO ] 2023-04-30 21:39:06.439 [main] Printer - AIRPORT: Designation of the employee is:CARGO_MANAGER
[INFO ] 2023-04-30 21:39:06.439 [main] Printer - AIRPORT: Address :com.person.Address@3c7f66c4
[INFO ] 2023-04-30 21:39:06.439 [main] Printer - AIRPORT: Gender : FEMALE
[INFO ] 2023-04-30 21:39:06.439 [main] Printer - AIRPORT: Designation : CARGO_MANAGER
[INFO ] 2023-04-30 21:39:06.439 [main] Printer - AIRPORT: Assigned Airplane SingaporeAirlines
[INFO ] 2023-04-30 21:39:06.439 [main] Printer - AIRPORT: The Assigned airplane :SingaporeAirlines
[INFO ] 2023-04-30 21:39:06.439 [main] Printer - AIRPORT: ---------------------------
[INFO ] 2023-04-30 21:39:06.439 [main] Printer - AIRPORT: Runway status
[INFO ] 2023-04-30 21:39:06.439 [main] Printer - AIRPORT: ---------------------------
[INFO ] 2023-04-30 21:39:06.439 [main] Printer - AIRPORT: a plane is taking off!
[INFO ] 2023-04-30 21:39:06.439 [main] Printer - AIRPORT: Nothing is going on the runway!
[INFO ] 2023-04-30 21:39:06.439 [main] Printer - AIRPORT: A plane is landing!
[INFO ] 2023-04-30 21:39:06.439 [main] Printer - AIRPORT: ---------------------------
[INFO ] 2023-04-30 21:39:06.439 [main] Printer - AIRPORT: ---------------------------
[INFO ] 2023-04-30 21:39:06.439 [main] Printer - AIRPORT: Validating Airport Runway
[INFO ] 2023-04-30 21:39:06.439 [main] Printer - AIRPORT: The runway is occupied
[INFO ] 2023-04-30 21:39:06.439 [main] Printer - AIRPORT: 
The runway Number is : 4
The flightname is :Unitedairlines
The occupied status is :true
[INFO ] 2023-04-30 21:39:06.439 [main] Printer - AIRPORT: -----------------------------
[INFO ] 2023-04-30 21:39:06.447 [main] Printer - AIRPORT: Please enter the airport name: 
[INFO ] 2023-04-30 21:39:19.464 [main] Printer - AIRPORT: searching airport:Tokyo
[INFO ] 2023-04-30 21:39:19.464 [main] Printer - AIRPORT: Found Exception TokyoAirport not found
[ERROR] 2023-04-30 21:39:19.464 [main] Printer - ERROR: Luggage Error: No of Luggage limit got exceeded
[ERROR] 2023-04-30 21:39:19.464 [main] Printer - ERROR: Ticket Error :E:\src\ticket2.txt (The system cannot find the path specified)
